C51 COMPILER V9.59.0.0   BSP_LED                                                           09/17/2018 14:36:42 PAGE 1   


C51 COMPILER V9.59.0.0, COMPILATION OF MODULE BSP_LED
OBJECT MODULE PLACED IN .\Objects\bsp_led.obj
COMPILER INVOKED BY: D:\keil4\C51\BIN\C51.EXE ..\bsp\bsp_led.c OPTIMIZE(8,SPEED) BROWSE INCDIR(..\user;..\lib;..\bsp) DE
                    -BUG OBJECTEXTEND PRINT(.\Listings\bsp_led.lst) TABS(2) OBJECT(.\Objects\bsp_led.obj)

line level    source

   1          #include "bsp_led.h"
   2          
   3          
   4          void Led_Open(void)
   5          {
   6   1        LED_STATUS(1); 
   7   1      }
   8          
   9          void Led_Close(void)
  10          {
  11   1        LED_STATUS(0); 
  12   1      }
  13          
  14          
  15          void Led_Init(void)
  16          {
  17   1        P2CON |= 0X40;
  18   1        P2PH  &= ~0X40;
  19   1        Led_Close();
  20   1      }
  21          
  22          


MODULE INFORMATION:   STATIC OVERLAYABLE
   CODE SIZE        =     15    ----
   CONSTANT SIZE    =   ----    ----
   XDATA SIZE       =   ----    ----
   PDATA SIZE       =   ----    ----
   DATA SIZE        =   ----    ----
   IDATA SIZE       =   ----    ----
   BIT SIZE         =   ----    ----
END OF MODULE INFORMATION.


C51 COMPILATION COMPLETE.  0 WARNING(S),  0 ERROR(S)
