C51 COMPILER V9.59.0.0   SYSTEM                                                            09/17/2018 15:45:14 PAGE 1   


C51 COMPILER V9.59.0.0, COMPILATION OF MODULE SYSTEM
OBJECT MODULE PLACED IN .\Objects\system.obj
COMPILER INVOKED BY: D:\keil4\C51\BIN\C51.EXE ..\user\system.c OPTIMIZE(8,SPEED) BROWSE INCDIR(..\user;..\lib;..\bsp) DE
                    -BUG OBJECTEXTEND PRINT(.\Listings\system.lst) TABS(2) OBJECT(.\Objects\system.obj)

line level    source

   1          #include "system.h"
   2          
   3          
   4          void System_Init(void)
   5          {
   6   1        Led_Init();
   7   1      }
   8          
   9          
  10          void Delay_Time(unsigned int timer)
  11          {
  12   1        unsigned int i,j;
  13   1        for(i = timer; i > 0; i --)
  14   1        {
  15   2          for(j =200; j > 0; j--);
  16   2        }
  17   1      }
  18          
  19          void BackCall(unsigned int timer,void (* ptr)(unsigned int))
  20          {
  21   1        (* ptr)(timer);
  22   1      }
  23          
  24          
  25          void System_Handle(void)
  26          {
  27   1        Led_Open();
  28   1        BackCall(5000,Delay_Time);
  29   1        Led_Close();
  30   1        BackCall(5000,Delay_Time);
  31   1      }
  32          
  33          


MODULE INFORMATION:   STATIC OVERLAYABLE
   CODE SIZE        =     72    ----
   CONSTANT SIZE    =   ----    ----
   XDATA SIZE       =   ----    ----
   PDATA SIZE       =   ----    ----
   DATA SIZE        =   ----    ----
   IDATA SIZE       =   ----    ----
   BIT SIZE         =   ----    ----
END OF MODULE INFORMATION.


C51 COMPILATION COMPLETE.  0 WARNING(S),  0 ERROR(S)
